#
# A fatal error has been detected by the Java Runtime Environment:
#
#  SIGSEGV (0xb) at pc=0x0000000105846914, pid=8454, tid=19203
#
# JRE version: Java(TM) SE Runtime Environment (8.0_60-b27) (build 1.8.0_60-b27)
# Java VM: Java HotSpot(TM) 64-Bit Server VM (25.60-b23 mixed mode bsd-amd64 compressed oops)
# Problematic frame:
# V  [libjvm.dylib+0x446914]  Method::checked_resolve_jmethod_id(_jmethodID*)+0xe
#
# Failed to write core dump. Core dumps have been disabled. To enable core dumping, try "ulimit -c unlimited" before starting Java again
#
# If you would like to submit a bug report, please visit:
#   http://bugreport.java.com/bugreport/crash.jsp
#

---------------  T H R E A D  ---------------

Current thread (0x00007fbb84003000):  JavaThread "JDWP Transport Listener: dt_socket" daemon [_thread_in_vm, id=19203, stack(0x0000700000f47000,0x0000700001047000)]

siginfo: si_signo: 11 (SIGSEGV), si_code: 0 (unknown), si_addr: 0x0000000000000000

Registers:
RAX=0x0000000000000001, RBX=0x0000700001046a8b, RCX=0x0000000105c15310, RDX=0x0000700001046a8b
RSP=0x00007000010469d0, RBP=0x00007000010469e0, RSI=0x00007fbb84003000, RDI=0xd000000000000000
R8 =0x0000000000000011, R9 =0x0000000000000000, R10=0x0000000000000012, R11=0x00007fbb84b00000
R12=0x00007fbb84003000, R13=0xd000000000000000, R14=0xd000000000000000, R15=0x00007fbb82701a70
RIP=0x0000000105846914, EFLAGS=0x0000000000010286, ERR=0x0000000000000000
  TRAPNO=0x000000000000000d

Top of Stack: (sp=0x00007000010469d0)
0x00007000010469d0:   0000700001046a8b 0000700001046a8b
0x00007000010469e0:   0000700001046a40 0000000105755a0e
0x00007000010469f0:   00007fbb84003000 0000000000000000
0x0000700001046a00:   0000000000000000 0000000000000000
0x0000700001046a10:   00007fbb84003000 00007fbb84003000
0x0000700001046a20:   0000700001046a8b 0000700001046a90
0x0000700001046a30:   d000000000000000 0000000000000007
0x0000700001046a40:   0000700001046a60 000000010436a780
0x0000700001046a50:   0000000000000001 0000700001046b08
0x0000700001046a60:   0000700001046ad0 000000010434f1f3
0x0000700001046a70:   0000700001046aa0 00007fbb84b05720
0x0000700001046a80:   0000000800000032 0000000a00046b08
0x0000700001046a90:   0000000000000000 0000000000000000
0x0000700001046aa0:   0000000000000000 0000700001046c90
0x0000700001046ab0:   0000000104371e7a 00007fbb84a00b60
0x0000700001046ac0:   0000700001046b08 000000010437d598
0x0000700001046ad0:   0000700001046ae0 000000010434f2ec
0x0000700001046ae0:   0000700001046d00 0000000104358898
0x0000700001046af0:   00001c9f00000013 00000000000f0200
0x0000700001046b00:   00007fbb84a01800 00007fbb86005e7f
0x0000700001046b10:   00007fbb00000231 00007fbb84b05c30
0x0000700001046b20:   000000000000012c 0000700001046b58
0x0000700001046b30:   00007fbb84b05af0 0000000000000000
0x0000700001046b40:   00001c9f0000001c 00007fff00005380
0x0000700001046b50:   0000700001046b58 bb7f000008000000
0x0000700001046b60:   06000000b0d64282 00003e74696e693c
0x0000700001046b70:   0000005629280300 7f00000100000000
0x0000700001046b80:   000000b8d64282bb 0000006e69616d04
0x0000700001046b90:   6176616a4c5b2816 74532f676e616c2f
0x0000700001046ba0:   0056293b676e6972 0009000000000000
0x0000700001046bb0:   00c8d64282bb7f00 6c756d69730c0000
0x0000700001046bc0:   0070697254657461 6d6f634c28970000 

Instructions: (pc=0x0000000105846914)
0x00000001058468f4:   40 48 48 85 c0 75 e0 30 c0 0f b6 c0 5d c3 31 c0
0x0000000105846904:   5d c3 55 48 89 e5 53 48 83 ec 08 48 85 ff 74 24
0x0000000105846914:   48 8b 1f 48 85 db 74 1c 48 83 fb 37 74 16 48 8b
0x0000000105846924:   03 48 89 df ff 50 10 84 c0 b8 00 00 00 00 48 0f 

Register to memory mapping:

RAX=0x0000000000000001 is an unknown value
RBX=0x0000700001046a8b is pointing into the stack for thread: 0x00007fbb84003000
RCX=0x0000000105c15310: UseMembar+0 in /Library/Java/JavaVirtualMachines/jdk1.8.0_60.jdk/Contents/Home/jre/lib/server/libjvm.dylib at 0x0000000105400000
RDX=0x0000700001046a8b is pointing into the stack for thread: 0x00007fbb84003000
RSP=0x00007000010469d0 is pointing into the stack for thread: 0x00007fbb84003000
RBP=0x00007000010469e0 is pointing into the stack for thread: 0x00007fbb84003000
RSI=0x00007fbb84003000 is a thread
RDI=0xd000000000000000 is an unknown value
R8 =0x0000000000000011 is an unknown value
R9 =0x0000000000000000 is an unknown value
R10=0x0000000000000012 is an unknown value
R11=0x00007fbb84b00000 is an unknown value
R12=0x00007fbb84003000 is a thread
R13=0xd000000000000000 is an unknown value
R14=0xd000000000000000 is an unknown value
R15=0x00007fbb82701a70 is an unknown value


Stack: [0x0000700000f47000,0x0000700001047000],  sp=0x00007000010469d0,  free space=1022k
Native frames: (J=compiled Java code, j=interpreted, Vv=VM code, C=native code)
V  [libjvm.dylib+0x446914]  Method::checked_resolve_jmethod_id(_jmethodID*)+0xe
V  [libjvm.dylib+0x355a0e]  jvmti_IsMethodSynthetic+0xb2
C  [libjdwp.dylib+0x20780]  isMethodSynthetic+0x63
C  [libjdwp.dylib+0x51f3]  methods1+0x10b
C  [libjdwp.dylib+0x52ec]  methodsWithGeneric+0xe
C  [libjdwp.dylib+0xe898]  debugLoop_run+0x1ce
C  [libjdwp.dylib+0x1f6ba]  attachThread+0x4d
V  [libjvm.dylib+0x396d6c]  JvmtiAgentThread::call_start_function()+0x38
V  [libjvm.dylib+0x5612d3]  JavaThread::thread_main_inner()+0x9b
V  [libjvm.dylib+0x5629ce]  JavaThread::run()+0x1c2
V  [libjvm.dylib+0x48343a]  java_start(Thread*)+0xf6
C  [libsystem_pthread.dylib+0x3c13]  _pthread_body+0x83
C  [libsystem_pthread.dylib+0x3b90]  _pthread_body+0x0
C  [libsystem_pthread.dylib+0x1375]  thread_start+0xd
C  0x0000000000000000


---------------  P R O C E S S  ---------------

Java Threads: ( => current thread )
  0x00007fbb83845800 JavaThread "Abandoned connection cleanup thread" daemon [_thread_blocked, id=23811, stack(0x0000700001862000,0x0000700001962000)]
  0x00007fbb8401c000 JavaThread "Service Thread" daemon [_thread_blocked, id=22787, stack(0x000070000165c000,0x000070000175c000)]
  0x00007fbb84018800 JavaThread "C1 CompilerThread3" daemon [_thread_blocked, id=22275, stack(0x0000700001559000,0x0000700001659000)]
  0x00007fbb84018000 JavaThread "C2 CompilerThread2" daemon [_thread_blocked, id=21763, stack(0x0000700001456000,0x0000700001556000)]
  0x00007fbb82819000 JavaThread "C2 CompilerThread1" daemon [_thread_blocked, id=21251, stack(0x0000700001353000,0x0000700001453000)]
  0x00007fbb84035800 JavaThread "C2 CompilerThread0" daemon [_thread_blocked, id=20739, stack(0x0000700001250000,0x0000700001350000)]
  0x00007fbb83038800 JavaThread "JDWP Command Reader" daemon [_thread_in_native, id=20227, stack(0x000070000114d000,0x000070000124d000)]
  0x00007fbb8303b800 JavaThread "JDWP Event Helper Thread" daemon [_thread_blocked, id=19715, stack(0x000070000104a000,0x000070000114a000)]
=>0x00007fbb84003000 JavaThread "JDWP Transport Listener: dt_socket" daemon [_thread_in_vm, id=19203, stack(0x0000700000f47000,0x0000700001047000)]
  0x00007fbb82812800 JavaThread "Signal Dispatcher" daemon [_thread_blocked, id=15887, stack(0x0000700000e44000,0x0000700000f44000)]
  0x00007fbb8305c000 JavaThread "Finalizer" daemon [_thread_blocked, id=14339, stack(0x0000700000c3b000,0x0000700000d3b000)]
  0x00007fbb8305b800 JavaThread "Reference Handler" daemon [_thread_blocked, id=13827, stack(0x0000700000b38000,0x0000700000c38000)]
  0x00007fbb83002800 JavaThread "main" [_thread_blocked, id=5891, stack(0x000070000011a000,0x000070000021a000)]

Other Threads:
  0x00007fbb83059000 VMThread [stack: 0x0000700000a35000,0x0000700000b35000] [id=13315]
  0x00007fbb8401c800 WatcherThread [stack: 0x000070000175f000,0x000070000185f000] [id=23299]

VM state:not at safepoint (normal execution)

VM Mutex/Monitor currently owned by a thread: None

Heap:
 PSYoungGen      total 76288K, used 24956K [0x000000076ab00000, 0x0000000770000000, 0x00000007c0000000)
  eden space 65536K, 38% used [0x000000076ab00000,0x000000076c35f2b8,0x000000076eb00000)
  from space 10752K, 0% used [0x000000076f580000,0x000000076f580000,0x0000000770000000)
  to   space 10752K, 0% used [0x000000076eb00000,0x000000076eb00000,0x000000076f580000)
 ParOldGen       total 175104K, used 0K [0x00000006c0000000, 0x00000006cab00000, 0x000000076ab00000)
  object space 175104K, 0% used [0x00000006c0000000,0x00000006c0000000,0x00000006cab00000)
 Metaspace       used 10899K, capacity 11104K, committed 11264K, reserved 1058816K
  class space    used 1172K, capacity 1252K, committed 1280K, reserved 1048576K

Card table byte_map: [0x0000000115749000,0x0000000115f4a000] byte_map_base: 0x0000000112149000

Marking Bits: (ParMarkBitMap*) 0x0000000105cdee20
 Begin Bits: [0x00000001164a0000, 0x000000011a4a0000)
 End Bits:   [0x000000011a4a0000, 0x000000011e4a0000)

Polling page: 0x0000000104349000

CodeCache: size=245760Kb used=4089Kb max_used=4109Kb free=241670Kb
 bounds [0x0000000106389000, 0x0000000106799000, 0x0000000115389000]
 total_blobs=1404 nmethods=1003 adapters=322
 compilation: enabled

Compilation events (10 events):
Event: 5.293 Thread 0x00007fbb84018000  949   !   4       com.mysql.jdbc.ResultSetRow::getString (124 bytes)
Event: 5.304 Thread 0x00007fbb84018000 nmethod 949 0x0000000106779ad0 code [0x0000000106779c80, 0x000000010677a688]
Event: 5.305 Thread 0x00007fbb84018000  922       4       com.mysql.jdbc.ResultSetImpl::getBoolean (492 bytes)
Event: 5.312 Thread 0x00007fbb84018000 nmethod 922 0x0000000106766ed0 code [0x00000001067671e0, 0x0000000106767c50]
Event: 5.315 Thread 0x00007fbb84035800 nmethod 937 0x000000010677e010 code [0x000000010677e320, 0x000000010677ff20]
Event: 5.381 Thread 0x00007fbb82819000 nmethod 936 0x00000001067883d0 code [0x0000000106788840, 0x000000010678e280]
Event: 17.985 Thread 0x00007fbb84018800 1002       3       java.lang.ref.ReferenceQueue::reallyPoll (66 bytes)
Event: 17.986 Thread 0x00007fbb84018800 nmethod 1002 0x0000000106770d50 code [0x0000000106770ee0, 0x0000000106771370]
Event: 31.082 Thread 0x00007fbb84018800 1004   !   3       java.lang.ref.ReferenceQueue::remove (125 bytes)
Event: 31.083 Thread 0x00007fbb84018800 nmethod 1004 0x0000000106778a50 code [0x0000000106778c40, 0x0000000106779598]

GC Heap History (0 events):
No events

Deoptimization events (4 events):
Event: 4.834 Thread 0x00007fbb83002800 Uncommon trap: reason=unstable_if action=reinterpret pc=0x0000000106561330 method=java.util.Properties.loadConvert([CII[C)Ljava/lang/String; @ 4
Event: 4.834 Thread 0x00007fbb83002800 Uncommon trap: reason=unstable_if action=reinterpret pc=0x0000000106556e1c method=java.util.Properties$LineReader.readLine()I @ 174
Event: 5.093 Thread 0x00007fbb83002800 Uncommon trap: reason=unstable_if action=reinterpret pc=0x00000001065723ac method=java.lang.String.replace(CC)Ljava/lang/String; @ 26
Event: 5.234 Thread 0x00007fbb83002800 Uncommon trap: reason=unstable_if action=reinterpret pc=0x00000001067126e0 method=sun.misc.FloatingDecimal$ASCIIToBinaryBuffer.doubleValue()D @ 121

Internal exceptions (10 events):
Event: 4.668 Thread 0x00007fbb83002800 Exception <a 'java/lang/NoClassDefFoundError': org/apache/log4j/Priority> (0x000000076b2aceb0) thrown at [/Users/java_re/workspace/8-2-build-macosx-x86_64/jdk8u60/4407/hotspot/src/share/vm/classfile/systemDictionary.cpp, line 199]
Event: 5.033 Thread 0x00007fbb83002800 Exception <a 'java/lang/ArrayIndexOutOfBoundsException'> (0x000000076ba470b8) thrown at [/Users/java_re/workspace/8-2-build-macosx-x86_64/jdk8u60/4407/hotspot/src/share/vm/runtime/sharedRuntime.cpp, line 605]
Event: 5.033 Thread 0x00007fbb83002800 Exception <a 'java/lang/ArrayIndexOutOfBoundsException'> (0x000000076ba47e30) thrown at [/Users/java_re/workspace/8-2-build-macosx-x86_64/jdk8u60/4407/hotspot/src/share/vm/runtime/sharedRuntime.cpp, line 605]
Event: 5.033 Thread 0x00007fbb83002800 Exception <a 'java/lang/ArrayIndexOutOfBoundsException'> (0x000000076ba48de8) thrown at [/Users/java_re/workspace/8-2-build-macosx-x86_64/jdk8u60/4407/hotspot/src/share/vm/runtime/sharedRuntime.cpp, line 605]
Event: 5.034 Thread 0x00007fbb83002800 Exception <a 'java/lang/ArrayIndexOutOfBoundsException'> (0x000000076ba4a648) thrown at [/Users/java_re/workspace/8-2-build-macosx-x86_64/jdk8u60/4407/hotspot/src/share/vm/runtime/sharedRuntime.cpp, line 605]
Event: 5.040 Thread 0x00007fbb83002800 Exception <a 'java/lang/ArrayIndexOutOfBoundsException'> (0x000000076ba72660) thrown at [/Users/java_re/workspace/8-2-build-macosx-x86_64/jdk8u60/4407/hotspot/src/share/vm/runtime/sharedRuntime.cpp, line 605]
Event: 5.041 Thread 0x00007fbb83002800 Exception <a 'java/lang/ArrayIndexOutOfBoundsException'> (0x000000076ba738c8) thrown at [/Users/java_re/workspace/8-2-build-macosx-x86_64/jdk8u60/4407/hotspot/src/share/vm/runtime/sharedRuntime.cpp, line 605]
Event: 5.041 Thread 0x00007fbb83002800 Exception <a 'java/lang/ArrayIndexOutOfBoundsException'> (0x000000076ba74e60) thrown at [/Users/java_re/workspace/8-2-build-macosx-x86_64/jdk8u60/4407/hotspot/src/share/vm/runtime/sharedRuntime.cpp, line 605]
Event: 5.046 Thread 0x00007fbb83002800 Exception <a 'java/lang/ArrayIndexOutOfBoundsException'> (0x000000076ba9a7c8) thrown at [/Users/java_re/workspace/8-2-build-macosx-x86_64/jdk8u60/4407/hotspot/src/share/vm/runtime/sharedRuntime.cpp, line 605]
Event: 5.051 Thread 0x00007fbb83002800 Exception <a 'java/lang/ArrayIndexOutOfBoundsException'> (0x000000076baaa8b8) thrown at [/Users/java_re/workspace/8-2-build-macosx-x86_64/jdk8u60/4407/hotspot/src/share/vm/runtime/sharedRuntime.cpp, line 605]

Events (10 events):
Event: 17.525 Executing VM operation: GetOrSetLocal
Event: 17.525 Executing VM operation: GetOrSetLocal done
Event: 17.851 Executing VM operation: GetOrSetLocal
Event: 17.851 Executing VM operation: GetOrSetLocal done
Event: 17.852 Executing VM operation: GetOrSetLocal
Event: 17.852 Executing VM operation: GetOrSetLocal done
Event: 17.877 Executing VM operation: GetOrSetLocal
Event: 17.877 Executing VM operation: GetOrSetLocal done
Event: 99.889 Executing VM operation: RedefineClasses
Event: 99.894 Executing VM operation: RedefineClasses done


Dynamic libraries:
0x00000000022b0000 	/System/Library/Frameworks/Cocoa.framework/Versions/A/Cocoa
0x00000000022b0000 	/System/Library/Frameworks/Security.framework/Versions/A/Security
0x00000000022b0000 	/System/Library/Frameworks/ApplicationServices.framework/Versions/A/ApplicationServices
0x00000000022b0000 	/usr/lib/libz.1.dylib
0x00000000022b0000 	/usr/lib/libSystem.B.dylib
0x00000000022b0000 	/usr/lib/libobjc.A.dylib
0x00000000022b0000 	/System/Library/Frameworks/CoreFoundation.framework/Versions/A/CoreFoundation
0x00000000022b0000 	/System/Library/Frameworks/Foundation.framework/Versions/C/Foundation
0x00000000022b0000 	/System/Library/Frameworks/AppKit.framework/Versions/C/AppKit
0x00000000022b0000 	/System/Library/Frameworks/CoreData.framework/Versions/A/CoreData
0x00000000022b0000 	/System/Library/PrivateFrameworks/RemoteViewServices.framework/Versions/A/RemoteViewServices
0x00000000022b0000 	/System/Library/PrivateFrameworks/UIFoundation.framework/Versions/A/UIFoundation
0x00000000022b0000 	/usr/lib/libScreenReader.dylib
0x00000000022b0000 	/System/Library/Frameworks/Accelerate.framework/Versions/A/Accelerate
0x00000000022b0000 	/System/Library/Frameworks/IOSurface.framework/Versions/A/IOSurface
0x00000000022b0000 	/System/Library/Frameworks/AudioToolbox.framework/Versions/A/AudioToolbox
0x00000000022b0000 	/System/Library/Frameworks/AudioUnit.framework/Versions/A/AudioUnit
0x00000000022b0000 	/System/Library/PrivateFrameworks/DataDetectorsCore.framework/Versions/A/DataDetectorsCore
0x00000000022b0000 	/System/Library/PrivateFrameworks/DesktopServicesPriv.framework/Versions/A/DesktopServicesPriv
0x00000000022b0000 	/System/Library/Frameworks/Carbon.framework/Versions/A/Frameworks/HIToolbox.framework/Versions/A/HIToolbox
0x00000000022b0000 	/System/Library/Frameworks/QuartzCore.framework/Versions/A/QuartzCore
0x00000000022b0000 	/System/Library/Frameworks/Carbon.framework/Versions/A/Frameworks/SpeechRecognition.framework/Versions/A/SpeechRecognition
0x00000000022b0000 	/usr/lib/libauto.dylib
0x00000000022b0000 	/usr/lib/libicucore.A.dylib
0x00000000022b0000 	/usr/lib/libxml2.2.dylib
0x00000000022b0000 	/System/Library/PrivateFrameworks/CoreUI.framework/Versions/A/CoreUI
0x00000000022b0000 	/System/Library/Frameworks/CoreAudio.framework/Versions/A/CoreAudio
0x00000000022b0000 	/System/Library/Frameworks/DiskArbitration.framework/Versions/A/DiskArbitration
0x00000000022b0000 	/usr/lib/liblangid.dylib
0x00000000022b0000 	/System/Library/PrivateFrameworks/MultitouchSupport.framework/Versions/A/MultitouchSupport
0x00000000022b0000 	/System/Library/Frameworks/IOKit.framework/Versions/A/IOKit
0x00000000022b0000 	/usr/lib/libDiagnosticMessagesClient.dylib
0x00000000022b0000 	/System/Library/Frameworks/CoreServices.framework/Versions/A/CoreServices
0x00000000022b0000 	/System/Library/PrivateFrameworks/PerformanceAnalysis.framework/Versions/A/PerformanceAnalysis
0x00000000022b0000 	/System/Library/PrivateFrameworks/GenerationalStorage.framework/Versions/A/GenerationalStorage
0x00000000022b0000 	/System/Library/Frameworks/OpenGL.framework/Versions/A/OpenGL
0x00000000022b0000 	/System/Library/PrivateFrameworks/Sharing.framework/Versions/A/Sharing
0x00000000022b0000 	/System/Library/Frameworks/CoreGraphics.framework/Versions/A/CoreGraphics
0x00000000022b0000 	/System/Library/Frameworks/CoreImage.framework/Versions/A/CoreImage
0x00000000022b0000 	/System/Library/Frameworks/CoreText.framework/Versions/A/CoreText
0x00000000022b0000 	/System/Library/Frameworks/ImageIO.framework/Versions/A/ImageIO
0x00000000022b0000 	/System/Library/PrivateFrameworks/Backup.framework/Versions/A/Backup
0x00000000022b0000 	/usr/lib/libextension.dylib
0x00000000022b0000 	/usr/lib/libarchive.2.dylib
0x00000000022b0000 	/System/Library/Frameworks/CFNetwork.framework/Versions/A/CFNetwork
0x00000000022b0000 	/System/Library/Frameworks/SystemConfiguration.framework/Versions/A/SystemConfiguration
0x00000000022b0000 	/usr/lib/libCRFSuite.dylib
0x00000000022b0000 	/usr/lib/libc++.1.dylib
0x00000000022b0000 	/usr/lib/libc++abi.dylib
0x00000000022b0000 	/usr/lib/system/libcache.dylib
0x00000000022b0000 	/usr/lib/system/libcommonCrypto.dylib
0x00000000022b0000 	/usr/lib/system/libcompiler_rt.dylib
0x00000000022b0000 	/usr/lib/system/libcopyfile.dylib
0x00000000022b0000 	/usr/lib/system/libcorecrypto.dylib
0x00000000022b0000 	/usr/lib/system/libdispatch.dylib
0x00000000022b0000 	/usr/lib/system/libdyld.dylib
0x00000000022b0000 	/usr/lib/system/libkeymgr.dylib
0x00000000022b0000 	/usr/lib/system/liblaunch.dylib
0x00000000022b0000 	/usr/lib/system/libmacho.dylib
0x00000000022b0000 	/usr/lib/system/libquarantine.dylib
0x00000000022b0000 	/usr/lib/system/libremovefile.dylib
0x00000000022b0000 	/usr/lib/system/libsystem_asl.dylib
0x00000000022b0000 	/usr/lib/system/libsystem_blocks.dylib
0x00000000022b0000 	/usr/lib/system/libsystem_c.dylib
0x00000000022b0000 	/usr/lib/system/libsystem_configuration.dylib
0x00000000022b0000 	/usr/lib/system/libsystem_coreservices.dylib
0x00000000022b0000 	/usr/lib/system/libsystem_coretls.dylib
0x00000000022b0000 	/usr/lib/system/libsystem_dnssd.dylib
0x00000000022b0000 	/usr/lib/system/libsystem_info.dylib
0x00000000022b0000 	/usr/lib/system/libsystem_kernel.dylib
0x00000000022b0000 	/usr/lib/system/libsystem_m.dylib
0x00000000022b0000 	/usr/lib/system/libsystem_malloc.dylib
0x00000000022b0000 	/usr/lib/system/libsystem_network.dylib
0x00000000022b0000 	/usr/lib/system/libsystem_networkextension.dylib
0x00000000022b0000 	/usr/lib/system/libsystem_notify.dylib
0x00000000022b0000 	/usr/lib/system/libsystem_platform.dylib
0x00000000022b0000 	/usr/lib/system/libsystem_pthread.dylib
0x00000000022b0000 	/usr/lib/system/libsystem_sandbox.dylib
0x00000000022b0000 	/usr/lib/system/libsystem_secinit.dylib
0x00000000022b0000 	/usr/lib/system/libsystem_trace.dylib
0x00000000022b0000 	/usr/lib/system/libunc.dylib
0x00000000022b0000 	/usr/lib/system/libunwind.dylib
0x00000000022b0000 	/usr/lib/system/libxpc.dylib
0x00000000022b0000 	/usr/lib/libenergytrace.dylib
0x00000000022b0000 	/usr/lib/libbsm.0.dylib
0x00000000022b0000 	/usr/lib/system/libkxld.dylib
0x00000000022b0000 	/usr/lib/libxar.1.dylib
0x00000000022b0000 	/usr/lib/libsqlite3.dylib
0x00000000022b0000 	/usr/lib/libpam.2.dylib
0x00000000022b0000 	/usr/lib/libOpenScriptingUtil.dylib
0x00000000022b0000 	/usr/lib/libbz2.1.0.dylib
0x00000000022b0000 	/usr/lib/liblzma.5.dylib
0x00000000022b0000 	/System/Library/Frameworks/CoreServices.framework/Versions/A/Frameworks/FSEvents.framework/Versions/A/FSEvents
0x00000000022b0000 	/System/Library/Frameworks/CoreServices.framework/Versions/A/Frameworks/CarbonCore.framework/Versions/A/CarbonCore
0x00000000022b0000 	/System/Library/Frameworks/CoreServices.framework/Versions/A/Frameworks/Metadata.framework/Versions/A/Metadata
0x00000000022b0000 	/System/Library/Frameworks/CoreServices.framework/Versions/A/Frameworks/OSServices.framework/Versions/A/OSServices
0x00000000022b0000 	/System/Library/Frameworks/CoreServices.framework/Versions/A/Frameworks/SearchKit.framework/Versions/A/SearchKit
0x00000000022b0000 	/System/Library/Frameworks/CoreServices.framework/Versions/A/Frameworks/AE.framework/Versions/A/AE
0x00000000022b0000 	/System/Library/Frameworks/CoreServices.framework/Versions/A/Frameworks/LaunchServices.framework/Versions/A/LaunchServices
0x00000000022b0000 	/System/Library/Frameworks/CoreServices.framework/Versions/A/Frameworks/DictionaryServices.framework/Versions/A/DictionaryServices
0x00000000022b0000 	/System/Library/Frameworks/CoreServices.framework/Versions/A/Frameworks/SharedFileList.framework/Versions/A/SharedFileList
0x00000000022b0000 	/System/Library/Frameworks/NetFS.framework/Versions/A/NetFS
0x00000000022b0000 	/System/Library/PrivateFrameworks/NetAuth.framework/Versions/A/NetAuth
0x00000000022b0000 	/System/Library/PrivateFrameworks/login.framework/Versions/A/Frameworks/loginsupport.framework/Versions/A/loginsupport
0x00000000022b0000 	/System/Library/PrivateFrameworks/TCC.framework/Versions/A/TCC
0x00000000022b0000 	/usr/lib/libmecabra.dylib
0x00000000022b0000 	/System/Library/Frameworks/ApplicationServices.framework/Versions/A/Frameworks/ATS.framework/Versions/A/ATS
0x00000000022b0000 	/System/Library/Frameworks/ApplicationServices.framework/Versions/A/Frameworks/ColorSync.framework/Versions/A/ColorSync
0x00000000022b0000 	/System/Library/Frameworks/ApplicationServices.framework/Versions/A/Frameworks/HIServices.framework/Versions/A/HIServices
0x00000000022b0000 	/System/Library/Frameworks/ApplicationServices.framework/Versions/A/Frameworks/LangAnalysis.framework/Versions/A/LangAnalysis
0x00000000022b0000 	/System/Library/Frameworks/ApplicationServices.framework/Versions/A/Frameworks/PrintCore.framework/Versions/A/PrintCore
0x00000000022b0000 	/System/Library/Frameworks/ApplicationServices.framework/Versions/A/Frameworks/QD.framework/Versions/A/QD
0x00000000022b0000 	/System/Library/Frameworks/ApplicationServices.framework/Versions/A/Frameworks/SpeechSynthesis.framework/Versions/A/SpeechSynthesis
0x00000000022b0000 	/System/Library/Frameworks/Metal.framework/Versions/A/Metal
0x00000000022b0000 	/System/Library/Frameworks/Accelerate.framework/Versions/A/Frameworks/vImage.framework/Versions/A/vImage
0x00000000022b0000 	/System/Library/Frameworks/Accelerate.framework/Versions/A/Frameworks/vecLib.framework/Versions/A/vecLib
0x00000000022b0000 	/System/Library/Frameworks/Accelerate.framework/Versions/A/Frameworks/vecLib.framework/Versions/A/libvDSP.dylib
0x00000000022b0000 	/System/Library/Frameworks/Accelerate.framework/Versions/A/Frameworks/vecLib.framework/Versions/A/libvMisc.dylib
0x00000000022b0000 	/System/Library/Frameworks/Accelerate.framework/Versions/A/Frameworks/vecLib.framework/Versions/A/libLAPACK.dylib
0x00000000022b0000 	/System/Library/Frameworks/Accelerate.framework/Versions/A/Frameworks/vecLib.framework/Versions/A/libBLAS.dylib
0x00000000022b0000 	/System/Library/Frameworks/Accelerate.framework/Versions/A/Frameworks/vecLib.framework/Versions/A/libLinearAlgebra.dylib
0x00000000022b0000 	/System/Library/Frameworks/Accelerate.framework/Versions/A/Frameworks/vecLib.framework/Versions/A/libSparseBLAS.dylib
0x00000000022b0000 	/System/Library/PrivateFrameworks/GPUCompiler.framework/libmetal_timestamp.dylib
0x00000000022b0000 	/System/Library/Frameworks/OpenGL.framework/Versions/A/Libraries/libCoreFSCache.dylib
0x00000000022b0000 	/System/Library/PrivateFrameworks/IOAccelerator.framework/Versions/A/IOAccelerator
0x00000000022b0000 	/System/Library/Frameworks/ApplicationServices.framework/Versions/A/Frameworks/ATS.framework/Versions/A/Resources/libFontParser.dylib
0x00000000022b0000 	/System/Library/Frameworks/ApplicationServices.framework/Versions/A/Frameworks/ATS.framework/Versions/A/Resources/libFontRegistry.dylib
0x00000000022b0000 	/System/Library/PrivateFrameworks/AppleVPA.framework/Versions/A/AppleVPA
0x00000000022b0000 	/System/Library/PrivateFrameworks/AppleJPEG.framework/Versions/A/AppleJPEG
0x00000000022b0000 	/System/Library/Frameworks/ImageIO.framework/Versions/A/Resources/libJPEG.dylib
0x00000000022b0000 	/System/Library/Frameworks/ImageIO.framework/Versions/A/Resources/libTIFF.dylib
0x00000000022b0000 	/System/Library/Frameworks/ImageIO.framework/Versions/A/Resources/libPng.dylib
0x00000000022b0000 	/System/Library/Frameworks/ImageIO.framework/Versions/A/Resources/libGIF.dylib
0x00000000022b0000 	/System/Library/Frameworks/ImageIO.framework/Versions/A/Resources/libJP2.dylib
0x00000000022b0000 	/System/Library/Frameworks/ImageIO.framework/Versions/A/Resources/libRadiance.dylib
0x00000000022b0000 	/System/Library/Frameworks/CoreVideo.framework/Versions/A/CoreVideo
0x00000000022b0000 	/System/Library/Frameworks/OpenGL.framework/Versions/A/Libraries/libGLU.dylib
0x00000000022b0000 	/System/Library/Frameworks/OpenGL.framework/Versions/A/Libraries/libGFXShared.dylib
0x00000000022b0000 	/System/Library/Frameworks/OpenGL.framework/Versions/A/Libraries/libGL.dylib
0x00000000022b0000 	/System/Library/Frameworks/OpenGL.framework/Versions/A/Libraries/libGLImage.dylib
0x00000000022b0000 	/System/Library/Frameworks/OpenGL.framework/Versions/A/Libraries/libCVMSPluginSupport.dylib
0x00000000022b0000 	/System/Library/Frameworks/OpenGL.framework/Versions/A/Libraries/libCoreVMClient.dylib
0x00000000022b0000 	/usr/lib/libcups.2.dylib
0x00000000022b0000 	/System/Library/Frameworks/Kerberos.framework/Versions/A/Kerberos
0x00000000022b0000 	/System/Library/Frameworks/GSS.framework/Versions/A/GSS
0x00000000022b0000 	/usr/lib/libresolv.9.dylib
0x00000000022b0000 	/usr/lib/libiconv.2.dylib
0x00000000022b0000 	/System/Library/PrivateFrameworks/Heimdal.framework/Versions/A/Heimdal
0x00000000022b0000 	/usr/lib/libheimdal-asn1.dylib
0x00000000022b0000 	/System/Library/Frameworks/OpenDirectory.framework/Versions/A/OpenDirectory
0x00000000022b0000 	/System/Library/PrivateFrameworks/CommonAuth.framework/Versions/A/CommonAuth
0x00000000022b0000 	/System/Library/Frameworks/OpenDirectory.framework/Versions/A/Frameworks/CFOpenDirectory.framework/Versions/A/CFOpenDirectory
0x00000000022b0000 	/System/Library/Frameworks/SecurityFoundation.framework/Versions/A/SecurityFoundation
0x00000000022b0000 	/System/Library/PrivateFrameworks/LanguageModeling.framework/Versions/A/LanguageModeling
0x00000000022b0000 	/usr/lib/libmarisa.dylib
0x00000000022b0000 	/usr/lib/libChineseTokenizer.dylib
0x00000000022b0000 	/usr/lib/libcmph.dylib
0x00000000022b0000 	/usr/lib/libcompression.dylib
0x00000000022b0000 	/System/Library/Frameworks/ServiceManagement.framework/Versions/A/ServiceManagement
0x00000000022b0000 	/usr/lib/libxslt.1.dylib
0x00000000022b0000 	/System/Library/Frameworks/Carbon.framework/Versions/A/Frameworks/Ink.framework/Versions/A/Ink
0x00000000022b0000 	/usr/lib/libFosl_dynamic.dylib
0x00000000022b0000 	/System/Library/PrivateFrameworks/FaceCore.framework/Versions/A/FaceCore
0x00000000022b0000 	/System/Library/Frameworks/OpenCL.framework/Versions/A/OpenCL
0x00000000022b0000 	/System/Library/PrivateFrameworks/CrashReporterSupport.framework/Versions/A/CrashReporterSupport
0x00000000022b0000 	/System/Library/PrivateFrameworks/IconServices.framework/Versions/A/IconServices
0x00000000022b0000 	/System/Library/PrivateFrameworks/Apple80211.framework/Versions/A/Apple80211
0x00000000022b0000 	/System/Library/Frameworks/CoreWLAN.framework/Versions/A/CoreWLAN
0x00000000022b0000 	/System/Library/Frameworks/IOBluetooth.framework/Versions/A/IOBluetooth
0x00000000022b0000 	/System/Library/PrivateFrameworks/CoreWiFi.framework/Versions/A/CoreWiFi
0x00000000022b0000 	/System/Library/Frameworks/CoreBluetooth.framework/Versions/A/CoreBluetooth
0x00000000022b0000 	/System/Library/PrivateFrameworks/ChunkingLibrary.framework/Versions/A/ChunkingLibrary
0x00000000022b0000 	/System/Library/PrivateFrameworks/DebugSymbols.framework/Versions/A/DebugSymbols
0x00000000022b0000 	/System/Library/PrivateFrameworks/CoreSymbolication.framework/Versions/A/CoreSymbolication
0x00000000022b0000 	/System/Library/PrivateFrameworks/Symbolication.framework/Versions/A/Symbolication
0x00000000022b0000 	/System/Library/PrivateFrameworks/SpeechRecognitionCore.framework/Versions/A/SpeechRecognitionCore
0x0000000105400000 	/Library/Java/JavaVirtualMachines/jdk1.8.0_60.jdk/Contents/Home/jre/lib/server/libjvm.dylib
0x00000000022b0000 	/usr/lib/libstdc++.6.dylib
0x0000000104306000 	/Library/Java/JavaVirtualMachines/jdk1.8.0_60.jdk/Contents/Home/jre/lib/libverify.dylib
0x0000000104314000 	/Library/Java/JavaVirtualMachines/jdk1.8.0_60.jdk/Contents/Home/jre/lib/libjava.dylib
0x000000010434a000 	/Library/Java/JavaVirtualMachines/jdk1.8.0_60.jdk/Contents/Home/jre/lib/libjdwp.dylib
0x0000000104395000 	/Library/Java/JavaVirtualMachines/jdk1.8.0_60.jdk/Contents/Home/jre/lib/libnpt.dylib
0x00000001043a2000 	/Library/Java/JavaVirtualMachines/jdk1.8.0_60.jdk/Contents/Home/jre/lib/libzip.dylib
0x00000001213ee000 	/System/Library/Frameworks/JavaVM.framework/Frameworks/JavaRuntimeSupport.framework/JavaRuntimeSupport
0x0000000121409000 	/System/Library/Frameworks/JavaVM.framework/Versions/A/Frameworks/JavaNativeFoundation.framework/Versions/A/JavaNativeFoundation
0x000000012141e000 	/System/Library/Frameworks/JavaVM.framework/Versions/A/JavaVM
0x00000000022b0000 	/System/Library/Frameworks/Carbon.framework/Versions/A/Carbon
0x000000012142b000 	/System/Library/PrivateFrameworks/JavaLaunching.framework/Versions/A/JavaLaunching
0x00000000022b0000 	/System/Library/Frameworks/Carbon.framework/Versions/A/Frameworks/CommonPanels.framework/Versions/A/CommonPanels
0x00000000022b0000 	/System/Library/Frameworks/Carbon.framework/Versions/A/Frameworks/Help.framework/Versions/A/Help
0x00000000022b0000 	/System/Library/Frameworks/Carbon.framework/Versions/A/Frameworks/ImageCapture.framework/Versions/A/ImageCapture
0x00000000022b0000 	/System/Library/Frameworks/Carbon.framework/Versions/A/Frameworks/OpenScripting.framework/Versions/A/OpenScripting
0x00000000022b0000 	/System/Library/Frameworks/Carbon.framework/Versions/A/Frameworks/Print.framework/Versions/A/Print
0x00000000022b0000 	/System/Library/Frameworks/Carbon.framework/Versions/A/Frameworks/SecurityHI.framework/Versions/A/SecurityHI
0x0000000122d48000 	/Library/Java/JavaVirtualMachines/jdk1.8.0_60.jdk/Contents/Home/jre/lib/libdt_socket.dylib
0x0000000122ea1000 	/Library/Java/JavaVirtualMachines/jdk1.8.0_60.jdk/Contents/Home/jre/lib/libnet.dylib
0x00000001230bc000 	/Library/Java/JavaVirtualMachines/jdk1.8.0_60.jdk/Contents/Home/jre/lib/libmanagement.dylib
0x00000001230ca000 	/Library/Java/JavaVirtualMachines/jdk1.8.0_60.jdk/Contents/Home/jre/lib/libnio.dylib

VM Arguments:
jvm_args: -agentlib:jdwp=transport=dt_socket,suspend=y,address=localhost:63064 -Dfile.encoding=UTF-8 
java_command: com.eha.grits.AirportFlow
java_class_path (initial): /Users/brocka/code/eha/workspace/flirt-monte-carlo/bin:/Users/brocka/code/eha/workspace/flirt-monte-carlo/lib/commons-dbcp2-2.1.1.jar:/Users/brocka/code/eha/workspace/flirt-monte-carlo/lib/commons-logging-1.2.jar:/Users/brocka/code/eha/workspace/flirt-monte-carlo/lib/commons-math3-3.6.jar:/Users/brocka/code/eha/workspace/flirt-monte-carlo/lib/commons-pool2-2.4.2.jar:/Users/brocka/code/eha/workspace/flirt-monte-carlo/lib/mongo-java-driver-3.0.4.jar:/Users/brocka/code/eha/workspace/flirt-monte-carlo/lib/mysql-connector-java-5.1.38-bin.jar
Launcher Type: SUN_STANDARD

Environment Variables:
PATH=/usr/bin:/bin:/usr/sbin:/sbin
SHELL=/bin/bash

Signal Handlers:
SIGSEGV: [libjvm.dylib+0x5a6d31], sa_mask[0]=11111111011111110111111111111111, sa_flags=SA_ONSTACK|SA_RESTART|SA_SIGINFO
SIGBUS: [libjvm.dylib+0x5a6d31], sa_mask[0]=11111111011111110111111111111111, sa_flags=SA_RESTART|SA_SIGINFO
SIGFPE: [libjvm.dylib+0x480a4c], sa_mask[0]=11111111011111110111111111111111, sa_flags=SA_RESTART|SA_SIGINFO
SIGPIPE: [libjvm.dylib+0x480a4c], sa_mask[0]=11111111011111110111111111111111, sa_flags=SA_RESTART|SA_SIGINFO
SIGXFSZ: [libjvm.dylib+0x480a4c], sa_mask[0]=11111111011111110111111111111111, sa_flags=SA_RESTART|SA_SIGINFO
SIGILL: [libjvm.dylib+0x480a4c], sa_mask[0]=11111111011111110111111111111111, sa_flags=SA_RESTART|SA_SIGINFO
SIGUSR1: SIG_DFL, sa_mask[0]=00000000000000000000000000000000, sa_flags=none
SIGUSR2: [libjvm.dylib+0x48056a], sa_mask[0]=00100000000000000000000000000000, sa_flags=SA_RESTART|SA_SIGINFO
SIGHUP: [libjvm.dylib+0x47eb41], sa_mask[0]=11111111011111110111111111111111, sa_flags=SA_RESTART|SA_SIGINFO
SIGINT: [libjvm.dylib+0x47eb41], sa_mask[0]=11111111011111110111111111111111, sa_flags=SA_RESTART|SA_SIGINFO
SIGTERM: [libjvm.dylib+0x47eb41], sa_mask[0]=11111111011111110111111111111111, sa_flags=SA_RESTART|SA_SIGINFO
SIGQUIT: [libjvm.dylib+0x47eb41], sa_mask[0]=11111111011111110111111111111111, sa_flags=SA_RESTART|SA_SIGINFO


---------------  S Y S T E M  ---------------

OS:Bsduname:Darwin 15.2.0 Darwin Kernel Version 15.2.0: Fri Nov 13 19:56:56 PST 2015; root:xnu-3248.20.55~2/RELEASE_X86_64 x86_64
rlimit: STACK 8192k, CORE 0k, NPROC 709, NOFILE 10240, AS infinity
load average:1.59 1.66 1.63

CPU:total 8 (4 cores per cpu, 2 threads per core) family 6 model 70 stepping 1, cmov, cx8, fxsr, mmx, sse, sse2, sse3, ssse3, sse4.1, sse4.2, popcnt, avx, avx2, aes, clmul, erms, lzcnt, ht, tsc, tscinvbit, bmi1, bmi2

Memory: 4k page, physical 16777216k(3955608k free)

/proc/meminfo:


vm_info: Java HotSpot(TM) 64-Bit Server VM (25.60-b23) for bsd-amd64 JRE (1.8.0_60-b27), built on Aug  4 2015 10:47:24 by "java_re" with gcc 4.2.1 (Based on Apple Inc. build 5658) (LLVM build 2336.11.00)

time: Wed Feb  3 22:58:27 2016
elapsed time: 99 seconds (0d 0h 1m 39s)

